{"PayloadData1": "Target: OOPS.NET\\OOPS-WORKSTATION_6$@OOPS.NET", "PayloadData2": "ServiceName: OOPS-DC$", "PayloadData3": "ServiceSid: S-1-5-21-8284250-619352532-2932547260-1000", "PayloadData4": "TicketEncryptionType: AES256-CTS-HMAC-SHA1-96", "PayloadData5": "Status: KDC_ERR_NONE - No error - No errors were found.", "RemoteHost": "::ffff:198.18.255.105:34262", "MapDescription": "A Kerberos service ticket was requested", "ChunkNumber": 0, "Computer": "OOPS-DC.oops.net", "Payload": "{\"EventData\": {\"Data\": [{\"@Name\": \"TargetUserName\", \"#text\": \"OOPS-WORKSTATION_6$@OOPS.NET\"}, {\"@Name\": \"TargetDomainName\", \"#text\": \"OOPS.NET\"}, {\"@Name\": \"ServiceName\", \"#text\": \"OOPS-DC$\"}, {\"@Name\": \"ServiceSid\", \"#text\": \"S-1-5-21-8284250-619352532-2932547260-1000\"}, {\"@Name\": \"TicketOptions\", \"#text\": \"0x40800000\"}, {\"@Name\": \"TicketEncryptionType\", \"#text\": \"0x12\"}, {\"@Name\": \"IpAddress\", \"#text\": \"::ffff:198.18.255.105\"}, {\"@Name\": \"IpPort\", \"#text\": \"34262\"}, {\"@Name\": \"Status\", \"#text\": \"0x0\"}, {\"@Name\": \"LogonGuid\", \"#text\": \"412fa287-4fd0-4aba-a413-2ffd5bf71eda\"}, {\"@Name\": \"TransmittedServices\", \"#text\": \"-\"}]}}", "Channel": "Security", "Provider": "Microsoft-Windows-Security-Auditing", "EventId": 4769, "EventRecordId": "6015", "ProcessId": 636, "ThreadId": 7430, "Level": "LogAlways", "Keywords": "Audit success", "SourceFile": "C:\\Windows\\system32\\winevt\\Logs\\Security.evtx", "ExtraDataOffset": 0, "HiddenRecord": false, "TimeCreated": "2021-03-16T12:52:30.8051026+00:00", "RecordNumber": "6015"}
{"PayloadData1": "Target: OOPS.NET\\byas.tina@OOPS.NET", "PayloadData2": "ServiceName: OOPS-DC$", "PayloadData3": "ServiceSid: S-1-5-21-8284250-619352532-2932547260-1000", "PayloadData4": "TicketEncryptionType: AES256-CTS-HMAC-SHA1-96", "PayloadData5": "Status: KDC_ERR_NONE - No error - No errors were found.", "RemoteHost": "::ffff:198.18.255.105:34263", "MapDescription": "A Kerberos service ticket was requested", "ChunkNumber": 0, "Computer": "OOPS-DC.oops.net", "Payload": "{\"EventData\": {\"Data\": [{\"@Name\": \"TargetUserName\", \"#text\": \"byas.tina@OOPS.NET\"}, {\"@Name\": \"TargetDomainName\", \"#text\": \"OOPS.NET\"}, {\"@Name\": \"ServiceName\", \"#text\": \"OOPS-DC$\"}, {\"@Name\": \"ServiceSid\", \"#text\": \"S-1-5-21-8284250-619352532-2932547260-1000\"}, {\"@Name\": \"TicketOptions\", \"#text\": \"0x40810000\"}, {\"@Name\": \"TicketEncryptionType\", \"#text\": \"0x12\"}, {\"@Name\": \"IpAddress\", \"#text\": \"::ffff:198.18.255.105\"}, {\"@Name\": \"IpPort\", \"#text\": \"34263\"}, {\"@Name\": \"Status\", \"#text\": \"0x0\"}, {\"@Name\": \"LogonGuid\", \"#text\": \"e0c88827-53b0-4690-b645-269e00ffb2eb\"}, {\"@Name\": \"TransmittedServices\", \"#text\": \"-\"}]}}", "Channel": "Security", "Provider": "Microsoft-Windows-Security-Auditing", "EventId": 4769, "EventRecordId": "6019", "ProcessId": 636, "ThreadId": 6793, "Level": "LogAlways", "Keywords": "Audit success", "SourceFile": "C:\\Windows\\system32\\winevt\\Logs\\Security.evtx", "ExtraDataOffset": 0, "HiddenRecord": false, "TimeCreated": "2021-03-16T12:52:30.8536375+00:00", "RecordNumber": "6019"}
{"PayloadData1": "Target: OOPS.NET\\OOPS-WORKSTATION_6$", "PayloadData2": "LogonType 3", "PayloadData3": "LogonId: 0X3571DC", "UserName": "-\\-", "RemoteHost": "- (198.18.255.105)", "ExecutableInfo": "-", "MapDescription": "Successful logon", "ChunkNumber": 0, "Computer": "OOPS-DC.oops.net", "Payload": "{\"EventData\": {\"Data\": [{\"@Name\": \"SubjectUserSid\", \"#text\": \"S-1-0-0\"}, {\"@Name\": \"SubjectUserName\", \"#text\": \"-\"}, {\"@Name\": \"SubjectDomainName\", \"#text\": \"-\"}, {\"@Name\": \"SubjectLogonId\", \"#text\": \"0x0\"}, {\"@Name\": \"TargetUserSid\", \"#text\": \"S-1-5-21-8284250-619352532-2932547260-1237\"}, {\"@Name\": \"TargetUserName\", \"#text\": \"OOPS-WORKSTATION_6$\"}, {\"@Name\": \"TargetDomainName\", \"#text\": \"OOPS.NET\"}, {\"@Name\": \"TargetLogonId\", \"#text\": \"0X3571DC\"}, {\"@Name\": \"LogonType\", \"#text\": \"3\"}, {\"@Name\": \"LogonProcessName\", \"#text\": \"Kerberos\"}, {\"@Name\": \"AuthenticationPackageName\", \"#text\": \"Kerberos\"}, {\"@Name\": \"WorkstationName\", \"#text\": \"-\"}, {\"@Name\": \"LogonGuid\", \"#text\": \"3f62c884-8e17-45c2-9554-3bdb3aac6385\"}, {\"@Name\": \"TransmittedServices\", \"#text\": \"-\"}, {\"@Name\": \"LmPackageName\", \"#text\": \"-\"}, {\"@Name\": \"KeyLength\", \"#text\": \"0\"}, {\"@Name\": \"ProcessId\", \"#text\": \"0x0\"}, {\"@Name\": \"ProcessName\", \"#text\": \"-\"}, {\"@Name\": \"IpAddress\", \"#text\": \"198.18.255.105\"}, {\"@Name\": \"IpPort\", \"#text\": \"34264\"}, {\"@Name\": \"ImpersonationLevel\", \"#text\": \"%%1833\"}, {\"@Name\": \"RestrictedAdminMode\", \"#text\": \"-\"}, {\"@Name\": \"TargetOutboundUserName\", \"#text\": \"-\"}, {\"@Name\": \"TargetOutboundDomainName\", \"#text\": \"-\"}, {\"@Name\": \"VirtualAccount\", \"#text\": \"%%1843\"}, {\"@Name\": \"TargetLinkedLogonId\", \"#text\": \"0x0\"}, {\"@Name\": \"ElevatedToken\", \"#text\": \"%%1842\"}]}}", "Channel": "Security", "Provider": "Microsoft-Windows-Security-Auditing", "EventId": 4624, "EventRecordId": "6022", "ProcessId": 636, "ThreadId": 4897, "Level": "LogAlways", "Keywords": "Audit success", "SourceFile": "C:\\Windows\\system32\\winevt\\Logs\\Security.evtx", "ExtraDataOffset": 0, "HiddenRecord": false, "TimeCreated": "2021-03-16T12:52:30.8861571+00:00", "RecordNumber": "6022"}
{"PayloadData1": "Target: OOPS.NET\\OOPS-WORKSTATION_6$", "PayloadData2": "LogonType 3", "PayloadData3": "LogonId: 0X3571E4", "UserName": "-\\-", "RemoteHost": "- (198.18.255.105)", "ExecutableInfo": "-", "MapDescription": "Successful logon", "ChunkNumber": 0, "Computer": "OOPS-DC.oops.net", "Payload": "{\"EventData\": {\"Data\": [{\"@Name\": \"SubjectUserSid\", \"#text\": \"S-1-0-0\"}, {\"@Name\": \"SubjectUserName\", \"#text\": \"-\"}, {\"@Name\": \"SubjectDomainName\", \"#text\": \"-\"}, {\"@Name\": \"SubjectLogonId\", \"#text\": \"0x0\"}, {\"@Name\": \"TargetUserSid\", \"#text\": \"S-1-5-21-8284250-619352532-2932547260-1237\"}, {\"@Name\": \"TargetUserName\", \"#text\": \"OOPS-WORKSTATION_6$\"}, {\"@Name\": \"TargetDomainName\", \"#text\": \"OOPS.NET\"}, {\"@Name\": \"TargetLogonId\", \"#text\": \"0X3571E4\"}, {\"@Name\": \"LogonType\", \"#text\": \"3\"}, {\"@Name\": \"LogonProcessName\", \"#text\": \"Kerberos\"}, {\"@Name\": \"AuthenticationPackageName\", \"#text\": \"Kerberos\"}, {\"@Name\": \"WorkstationName\", \"#text\": \"-\"}, {\"@Name\": \"LogonGuid\", \"#text\": \"efad8623-7757-49fa-968c-4be3c51a738a\"}, {\"@Name\": \"TransmittedServices\", \"#text\": \"-\"}, {\"@Name\": \"LmPackageName\", \"#text\": \"-\"}, {\"@Name\": \"KeyLength\", \"#text\": \"0\"}, {\"@Name\": \"ProcessId\", \"#text\": \"0x0\"}, {\"@Name\": \"ProcessName\", \"#text\": \"-\"}, {\"@Name\": \"IpAddress\", \"#text\": \"198.18.255.105\"}, {\"@Name\": \"IpPort\", \"#text\": \"34265\"}, {\"@Name\": \"ImpersonationLevel\", \"#text\": \"%%1833\"}, {\"@Name\": \"RestrictedAdminMode\", \"#text\": \"-\"}, {\"@Name\": \"TargetOutboundUserName\", \"#text\": \"-\"}, {\"@Name\": \"TargetOutboundDomainName\", \"#text\": \"-\"}, {\"@Name\": \"VirtualAccount\", \"#text\": \"%%1843\"}, {\"@Name\": \"TargetLinkedLogonId\", \"#text\": \"0x0\"}, {\"@Name\": \"ElevatedToken\", \"#text\": \"%%1842\"}]}}", "Channel": "Security", "Provider": "Microsoft-Windows-Security-Auditing", "EventId": 4624, "EventRecordId": "6026", "ProcessId": 636, "ThreadId": 6793, "Level": "LogAlways", "Keywords": "Audit success", "SourceFile": "C:\\Windows\\system32\\winevt\\Logs\\Security.evtx", "ExtraDataOffset": 0, "HiddenRecord": false, "TimeCreated": "2021-03-16T12:52:30.9713665+00:00", "RecordNumber": "6026"}
{"PayloadData1": "Target: OOPS.NET\\byas.tina", "PayloadData2": "LogonType 3", "PayloadData3": "LogonId: 0X357209", "UserName": "-\\-", "RemoteHost": "- (198.18.255.105)", "ExecutableInfo": "-", "MapDescription": "Successful logon", "ChunkNumber": 0, "Computer": "OOPS-DC.oops.net", "Payload": "{\"EventData\": {\"Data\": [{\"@Name\": \"SubjectUserSid\", \"#text\": \"S-1-0-0\"}, {\"@Name\": \"SubjectUserName\", \"#text\": \"-\"}, {\"@Name\": \"SubjectDomainName\", \"#text\": \"-\"}, {\"@Name\": \"SubjectLogonId\", \"#text\": \"0x0\"}, {\"@Name\": \"TargetUserSid\", \"#text\": \"S-1-5-21-8284250-619352532-2932547260-1255\"}, {\"@Name\": \"TargetUserName\", \"#text\": \"byas.tina\"}, {\"@Name\": \"TargetDomainName\", \"#text\": \"OOPS.NET\"}, {\"@Name\": \"TargetLogonId\", \"#text\": \"0X357209\"}, {\"@Name\": \"LogonType\", \"#text\": \"3\"}, {\"@Name\": \"LogonProcessName\", \"#text\": \"Kerberos\"}, {\"@Name\": \"AuthenticationPackageName\", \"#text\": \"Kerberos\"}, {\"@Name\": \"WorkstationName\", \"#text\": \"-\"}, {\"@Name\": \"LogonGuid\", \"#text\": \"ebbf2807-d5d8-4d01-a2e1-76b20d2c35e8\"}, {\"@Name\": \"TransmittedServices\", \"#text\": \"-\"}, {\"@Name\": \"LmPackageName\", \"#text\": \"-\"}, {\"@Name\": \"KeyLength\", \"#text\": \"0\"}, {\"@Name\": \"ProcessId\", \"#text\": \"0x0\"}, {\"@Name\": \"ProcessName\", \"#text\": \"-\"}, {\"@Name\": \"IpAddress\", \"#text\": \"198.18.255.105\"}, {\"@Name\": \"IpPort\", \"#text\": \"34266\"}, {\"@Name\": \"ImpersonationLevel\", \"#text\": \"%%1833\"}, {\"@Name\": \"RestrictedAdminMode\", \"#text\": \"-\"}, {\"@Name\": \"TargetOutboundUserName\", \"#text\": \"-\"}, {\"@Name\": \"TargetOutboundDomainName\", \"#text\": \"-\"}, {\"@Name\": \"VirtualAccount\", \"#text\": \"%%1843\"}, {\"@Name\": \"TargetLinkedLogonId\", \"#text\": \"0x0\"}, {\"@Name\": \"ElevatedToken\", \"#text\": \"%%1842\"}]}}", "Channel": "Security", "Provider": "Microsoft-Windows-Security-Auditing", "EventId": 4624, "EventRecordId": "6032", "ProcessId": 636, "ThreadId": 2407, "Level": "LogAlways", "Keywords": "Audit success", "SourceFile": "C:\\Windows\\system32\\winevt\\Logs\\Security.evtx", "ExtraDataOffset": 0, "HiddenRecord": false, "TimeCreated": "2021-03-16T12:52:31.0363526+00:00", "RecordNumber": "6032"}
{"PayloadData1": "Target: OOPS\\OOPS-WORKSTATION_6$", "PayloadData2": "LogonType 3", "PayloadData3": "LogonId: 0X3571E4", "MapDescription": "An account was logged off", "ChunkNumber": 0, "Computer": "OOPS-DC.oops.net", "Payload": "{\"EventData\": {\"Data\": [{\"@Name\": \"TargetUserSid\", \"#text\": \"S-1-5-21-8284250-619352532-2932547260-1237\"}, {\"@Name\": \"TargetUserName\", \"#text\": \"OOPS-WORKSTATION_6$\"}, {\"@Name\": \"TargetDomainName\", \"#text\": \"OOPS\"}, {\"@Name\": \"TargetLogonId\", \"#text\": \"0X3571E4\"}, {\"@Name\": \"LogonType\", \"#text\": \"3\"}]}}", "Channel": "Security", "Provider": "Microsoft-Windows-Security-Auditing", "EventId": 4634, "EventRecordId": "6039", "ProcessId": 636, "ThreadId": 6793, "Level": "LogAlways", "Keywords": "Audit success", "SourceFile": "C:\\Windows\\system32\\winevt\\Logs\\Security.evtx", "ExtraDataOffset": 0, "HiddenRecord": false, "TimeCreated": "2021-03-16T12:52:31.1117244+00:00", "RecordNumber": "6039"}
{"PayloadData1": "Target: OOPS\\byas.tina", "PayloadData2": "LogonType 3", "PayloadData3": "LogonId: 0X357209", "MapDescription": "An account was logged off", "ChunkNumber": 0, "Computer": "OOPS-DC.oops.net", "Payload": "{\"EventData\": {\"Data\": [{\"@Name\": \"TargetUserSid\", \"#text\": \"S-1-5-21-8284250-619352532-2932547260-1255\"}, {\"@Name\": \"TargetUserName\", \"#text\": \"byas.tina\"}, {\"@Name\": \"TargetDomainName\", \"#text\": \"OOPS\"}, {\"@Name\": \"TargetLogonId\", \"#text\": \"0X357209\"}, {\"@Name\": \"LogonType\", \"#text\": \"3\"}]}}", "Channel": "Security", "Provider": "Microsoft-Windows-Security-Auditing", "EventId": 4634, "EventRecordId": "6043", "ProcessId": 636, "ThreadId": 7430, "Level": "LogAlways", "Keywords": "Audit success", "SourceFile": "C:\\Windows\\system32\\winevt\\Logs\\Security.evtx", "ExtraDataOffset": 0, "HiddenRecord": false, "TimeCreated": "2021-03-16T12:52:31.1787218+00:00", "RecordNumber": "6043"}
{"PayloadData1": "Target: OOPS\\OOPS-WORKSTATION_6$", "PayloadData2": "LogonType 3", "PayloadData3": "LogonId: 0X3571DC", "MapDescription": "An account was logged off", "ChunkNumber": 0, "Computer": "OOPS-DC.oops.net", "Payload": "{\"EventData\": {\"Data\": [{\"@Name\": \"TargetUserSid\", \"#text\": \"S-1-5-21-8284250-619352532-2932547260-1237\"}, {\"@Name\": \"TargetUserName\", \"#text\": \"OOPS-WORKSTATION_6$\"}, {\"@Name\": \"TargetDomainName\", \"#text\": \"OOPS\"}, {\"@Name\": \"TargetLogonId\", \"#text\": \"0X3571DC\"}, {\"@Name\": \"LogonType\", \"#text\": \"3\"}]}}", "Channel": "Security", "Provider": "Microsoft-Windows-Security-Auditing", "EventId": 4634, "EventRecordId": "6047", "ProcessId": 636, "ThreadId": 2407, "Level": "LogAlways", "Keywords": "Audit success", "SourceFile": "C:\\Windows\\system32\\winevt\\Logs\\Security.evtx", "ExtraDataOffset": 0, "HiddenRecord": false, "TimeCreated": "2021-03-16T12:52:31.2251614+00:00", "RecordNumber": "6047"}
{"PayloadData1": "Target: OOPS.NET\\OOPS-WORKSTATION_6$@OOPS.NET", "PayloadData2": "ServiceName: OOPS-WORKSTATION_6$", "PayloadData3": "ServiceSid: S-1-5-21-8284250-619352532-2932547260-1237", "PayloadData4": "TicketEncryptionType: AES256-CTS-HMAC-SHA1-96", "PayloadData5": "Status: KDC_ERR_NONE - No error - No errors were found.", "RemoteHost": "::ffff:198.18.255.105:34267", "MapDescription": "A Kerberos service ticket was requested", "ChunkNumber": 0, "Computer": "OOPS-DC.oops.net", "Payload": "{\"EventData\": {\"Data\": [{\"@Name\": \"TargetUserName\", \"#text\": \"OOPS-WORKSTATION_6$@OOPS.NET\"}, {\"@Name\": \"TargetDomainName\", \"#text\": \"OOPS.NET\"}, {\"@Name\": \"ServiceName\", \"#text\": \"OOPS-WORKSTATION_6$\"}, {\"@Name\": \"ServiceSid\", \"#text\": \"S-1-5-21-8284250-619352532-2932547260-1237\"}, {\"@Name\": \"TicketOptions\", \"#text\": \"0x40810000\"}, {\"@Name\": \"TicketEncryptionType\", \"#text\": \"0x12\"}, {\"@Name\": \"IpAddress\", \"#text\": \"::ffff:198.18.255.105\"}, {\"@Name\": \"IpPort\", \"#text\": \"34267\"}, {\"@Name\": \"Status\", \"#text\": \"0x0\"}, {\"@Name\": \"LogonGuid\", \"#text\": \"1d3a32b2-5b48-4e06-b26c-5d884fd82f00\"}, {\"@Name\": \"TransmittedServices\", \"#text\": \"-\"}]}}", "Channel": "Security", "Provider": "Microsoft-Windows-Security-Auditing", "EventId": 4769, "EventRecordId": "6049", "ProcessId": 636, "ThreadId": 4897, "Level": "LogAlways", "Keywords": "Audit success", "SourceFile": "C:\\Windows\\system32\\winevt\\Logs\\Security.evtx", "ExtraDataOffset": 0, "HiddenRecord": false, "TimeCreated": "2021-03-16T12:52:31.2540693+00:00", "RecordNumber": "6049"}
{"PayloadData1": "Target: OOPS.NET\\OOPS-WORKSTATION_6$", "PayloadData2": "LogonType 3", "PayloadData3": "LogonId: 0X357231", "UserName": "-\\-", "RemoteHost": "- (198.18.255.105)", "ExecutableInfo": "-", "MapDescription": "Successful logon", "ChunkNumber": 0, "Computer": "OOPS-DC.oops.net", "Payload": "{\"EventData\": {\"Data\": [{\"@Name\": \"SubjectUserSid\", \"#text\": \"S-1-0-0\"}, {\"@Name\": \"SubjectUserName\", \"#text\": \"-\"}, {\"@Name\": \"SubjectDomainName\", \"#text\": \"-\"}, {\"@Name\": \"SubjectLogonId\", \"#text\": \"0x0\"}, {\"@Name\": \"TargetUserSid\", \"#text\": \"S-1-5-21-8284250-619352532-2932547260-1237\"}, {\"@Name\": \"TargetUserName\", \"#text\": \"OOPS-WORKSTATION_6$\"}, {\"@Name\": \"TargetDomainName\", \"#text\": \"OOPS.NET\"}, {\"@Name\": \"TargetLogonId\", \"#text\": \"0X357231\"}, {\"@Name\": \"LogonType\", \"#text\": \"3\"}, {\"@Name\": \"LogonProcessName\", \"#text\": \"Kerberos\"}, {\"@Name\": \"AuthenticationPackageName\", \"#text\": \"Kerberos\"}, {\"@Name\": \"WorkstationName\", \"#text\": \"-\"}, {\"@Name\": \"LogonGuid\", \"#text\": \"94697c6c-628c-432f-8bf1-7880f55b3d06\"}, {\"@Name\": \"TransmittedServices\", \"#text\": \"-\"}, {\"@Name\": \"LmPackageName\", \"#text\": \"-\"}, {\"@Name\": \"KeyLength\", \"#text\": \"0\"}, {\"@Name\": \"ProcessId\", \"#text\": \"0x0\"}, {\"@Name\": \"ProcessName\", \"#text\": \"-\"}, {\"@Name\": \"IpAddress\", \"#text\": \"198.18.255.105\"}, {\"@Name\": \"IpPort\", \"#text\": \"34268\"}, {\"@Name\": \"ImpersonationLevel\", \"#text\": \"%%1833\"}, {\"@Name\": \"RestrictedAdminMode\", \"#text\": \"-\"}, {\"@Name\": \"TargetOutboundUserName\", \"#text\": \"-\"}, {\"@Name\": \"TargetOutboundDomainName\", \"#text\": \"-\"}, {\"@Name\": \"VirtualAccount\", \"#text\": \"%%1843\"}, {\"@Name\": \"TargetLinkedLogonId\", \"#text\": \"0x0\"}, {\"@Name\": \"ElevatedToken\", \"#text\": \"%%1842\"}]}}", "Channel": "Security", "Provider": "Microsoft-Windows-Security-Auditing", "EventId": 4624, "EventRecordId": "6055", "ProcessId": 636, "ThreadId": 4897, "Level": "LogAlways", "Keywords": "Audit success", "SourceFile": "C:\\Windows\\system32\\winevt\\Logs\\Security.evtx", "ExtraDataOffset": 0, "HiddenRecord": false, "TimeCreated": "2021-03-16T12:52:31.3170942+00:00", "RecordNumber": "6055"}
{"PayloadData1": "Target: OOPS.NET\\OOPS-WORKSTATION_6$", "PayloadData2": "LogonType 3", "PayloadData3": "LogonId: 0X357239", "UserName": "-\\-", "RemoteHost": "- (198.18.255.105)", "ExecutableInfo": "-", "MapDescription": "Successful logon", "ChunkNumber": 0, "Computer": "OOPS-DC.oops.net", "Payload": "{\"EventData\": {\"Data\": [{\"@Name\": \"SubjectUserSid\", \"#text\": \"S-1-0-0\"}, {\"@Name\": \"SubjectUserName\", \"#text\": \"-\"}, {\"@Name\": \"SubjectDomainName\", \"#text\": \"-\"}, {\"@Name\": \"SubjectLogonId\", \"#text\": \"0x0\"}, {\"@Name\": \"TargetUserSid\", \"#text\": \"S-1-5-21-8284250-619352532-2932547260-1237\"}, {\"@Name\": \"TargetUserName\", \"#text\": \"OOPS-WORKSTATION_6$\"}, {\"@Name\": \"TargetDomainName\", \"#text\": \"OOPS.NET\"}, {\"@Name\": \"TargetLogonId\", \"#text\": \"0X357239\"}, {\"@Name\": \"LogonType\", \"#text\": \"3\"}, {\"@Name\": \"LogonProcessName\", \"#text\": \"Kerberos\"}, {\"@Name\": \"AuthenticationPackageName\", \"#text\": \"Kerberos\"}, {\"@Name\": \"WorkstationName\", \"#text\": \"-\"}, {\"@Name\": \"LogonGuid\", \"#text\": \"05287036-7d8e-4f28-b3e9-5bb410599325\"}, {\"@Name\": \"TransmittedServices\", \"#text\": \"-\"}, {\"@Name\": \"LmPackageName\", \"#text\": \"-\"}, {\"@Name\": \"KeyLength\", \"#text\": \"0\"}, {\"@Name\": \"ProcessId\", \"#text\": \"0x0\"}, {\"@Name\": \"ProcessName\", \"#text\": \"-\"}, {\"@Name\": \"IpAddress\", \"#text\": \"198.18.255.105\"}, {\"@Name\": \"IpPort\", \"#text\": \"34269\"}, {\"@Name\": \"ImpersonationLevel\", \"#text\": \"%%1833\"}, {\"@Name\": \"RestrictedAdminMode\", \"#text\": \"-\"}, {\"@Name\": \"TargetOutboundUserName\", \"#text\": \"-\"}, {\"@Name\": \"TargetOutboundDomainName\", \"#text\": \"-\"}, {\"@Name\": \"VirtualAccount\", \"#text\": \"%%1843\"}, {\"@Name\": \"TargetLinkedLogonId\", \"#text\": \"0x0\"}, {\"@Name\": \"ElevatedToken\", \"#text\": \"%%1842\"}]}}", "Channel": "Security", "Provider": "Microsoft-Windows-Security-Auditing", "EventId": 4624, "EventRecordId": "6062", "ProcessId": 636, "ThreadId": 2407, "Level": "LogAlways", "Keywords": "Audit success", "SourceFile": "C:\\Windows\\system32\\winevt\\Logs\\Security.evtx", "ExtraDataOffset": 0, "HiddenRecord": false, "TimeCreated": "2021-03-16T12:52:31.3865105+00:00", "RecordNumber": "6062"}
{"PayloadData1": "Target: OOPS.NET\\OOPS-WORKSTATION_6$", "PayloadData2": "LogonType 3", "PayloadData3": "LogonId: 0X357264", "UserName": "-\\-", "RemoteHost": "- (198.18.255.105)", "ExecutableInfo": "-", "MapDescription": "Successful logon", "ChunkNumber": 0, "Computer": "OOPS-DC.oops.net", "Payload": "{\"EventData\": {\"Data\": [{\"@Name\": \"SubjectUserSid\", \"#text\": \"S-1-0-0\"}, {\"@Name\": \"SubjectUserName\", \"#text\": \"-\"}, {\"@Name\": \"SubjectDomainName\", \"#text\": \"-\"}, {\"@Name\": \"SubjectLogonId\", \"#text\": \"0x0\"}, {\"@Name\": \"TargetUserSid\", \"#text\": \"S-1-5-21-8284250-619352532-2932547260-1237\"}, {\"@Name\": \"TargetUserName\", \"#text\": \"OOPS-WORKSTATION_6$\"}, {\"@Name\": \"TargetDomainName\", \"#text\": \"OOPS.NET\"}, {\"@Name\": \"TargetLogonId\", \"#text\": \"0X357264\"}, {\"@Name\": \"LogonType\", \"#text\": \"3\"}, {\"@Name\": \"LogonProcessName\", \"#text\": \"Kerberos\"}, {\"@Name\": \"AuthenticationPackageName\", \"#text\": \"Kerberos\"}, {\"@Name\": \"WorkstationName\", \"#text\": \"-\"}, {\"@Name\": \"LogonGuid\", \"#text\": \"215d2a46-4fdb-4f0b-a48b-dc543fd6bb67\"}, {\"@Name\": \"TransmittedServices\", \"#text\": \"-\"}, {\"@Name\": \"LmPackageName\", \"#text\": \"-\"}, {\"@Name\": \"KeyLength\", \"#text\": \"0\"}, {\"@Name\": \"ProcessId\", \"#text\": \"0x0\"}, {\"@Name\": \"ProcessName\", \"#text\": \"-\"}, {\"@Name\": \"IpAddress\", \"#text\": \"198.18.255.105\"}, {\"@Name\": \"IpPort\", \"#text\": \"34270\"}, {\"@Name\": \"ImpersonationLevel\", \"#text\": \"%%1833\"}, {\"@Name\": \"RestrictedAdminMode\", \"#text\": \"-\"}, {\"@Name\": \"TargetOutboundUserName\", \"#text\": \"-\"}, {\"@Name\": \"TargetOutboundDomainName\", \"#text\": \"-\"}, {\"@Name\": \"VirtualAccount\", \"#text\": \"%%1843\"}, {\"@Name\": \"TargetLinkedLogonId\", \"#text\": \"0x0\"}, {\"@Name\": \"ElevatedToken\", \"#text\": \"%%1842\"}]}}", "Channel": "Security", "Provider": "Microsoft-Windows-Security-Auditing", "EventId": 4624, "EventRecordId": "6065", "ProcessId": 636, "ThreadId": 6793, "Level": "LogAlways", "Keywords": "Audit success", "SourceFile": "C:\\Windows\\system32\\winevt\\Logs\\Security.evtx", "ExtraDataOffset": 0, "HiddenRecord": false, "TimeCreated": "2021-03-16T12:52:31.4355397+00:00", "RecordNumber": "6065"}
{"PayloadData1": "Target: OOPS\\OOPS-WORKSTATION_6$", "PayloadData2": "LogonType 3", "PayloadData3": "LogonId: 0X357264", "MapDescription": "An account was logged off", "ChunkNumber": 0, "Computer": "OOPS-DC.oops.net", "Payload": "{\"EventData\": {\"Data\": [{\"@Name\": \"TargetUserSid\", \"#text\": \"S-1-5-21-8284250-619352532-2932547260-1237\"}, {\"@Name\": \"TargetUserName\", \"#text\": \"OOPS-WORKSTATION_6$\"}, {\"@Name\": \"TargetDomainName\", \"#text\": \"OOPS\"}, {\"@Name\": \"TargetLogonId\", \"#text\": \"0X357264\"}, {\"@Name\": \"LogonType\", \"#text\": \"3\"}]}}", "Channel": "Security", "Provider": "Microsoft-Windows-Security-Auditing", "EventId": 4634, "EventRecordId": "6070", "ProcessId": 636, "ThreadId": 7430, "Level": "LogAlways", "Keywords": "Audit success", "SourceFile": "C:\\Windows\\system32\\winevt\\Logs\\Security.evtx", "ExtraDataOffset": 0, "HiddenRecord": false, "TimeCreated": "2021-03-16T12:52:31.4869639+00:00", "RecordNumber": "6070"}
{"PayloadData1": "Target: OOPS\\OOPS-WORKSTATION_6$", "PayloadData2": "LogonType 3", "PayloadData3": "LogonId: 0X357239", "MapDescription": "An account was logged off", "ChunkNumber": 0, "Computer": "OOPS-DC.oops.net", "Payload": "{\"EventData\": {\"Data\": [{\"@Name\": \"TargetUserSid\", \"#text\": \"S-1-5-21-8284250-619352532-2932547260-1237\"}, {\"@Name\": \"TargetUserName\", \"#text\": \"OOPS-WORKSTATION_6$\"}, {\"@Name\": \"TargetDomainName\", \"#text\": \"OOPS\"}, {\"@Name\": \"TargetLogonId\", \"#text\": \"0X357239\"}, {\"@Name\": \"LogonType\", \"#text\": \"3\"}]}}", "Channel": "Security", "Provider": "Microsoft-Windows-Security-Auditing", "EventId": 4634, "EventRecordId": "6072", "ProcessId": 636, "ThreadId": 4897, "Level": "LogAlways", "Keywords": "Audit success", "SourceFile": "C:\\Windows\\system32\\winevt\\Logs\\Security.evtx", "ExtraDataOffset": 0, "HiddenRecord": false, "TimeCreated": "2021-03-16T12:52:31.5400746+00:00", "RecordNumber": "6072"}
{"PayloadData1": "Target: OOPS\\OOPS-WORKSTATION_6$", "PayloadData2": "LogonType 3", "PayloadData3": "LogonId: 0X357231", "MapDescription": "An account was logged off", "ChunkNumber": 0, "Computer": "OOPS-DC.oops.net", "Payload": "{\"EventData\": {\"Data\": [{\"@Name\": \"TargetUserSid\", \"#text\": \"S-1-5-21-8284250-619352532-2932547260-1237\"}, {\"@Name\": \"TargetUserName\", \"#text\": \"OOPS-WORKSTATION_6$\"}, {\"@Name\": \"TargetDomainName\", \"#text\": \"OOPS\"}, {\"@Name\": \"TargetLogonId\", \"#text\": \"0X357231\"}, {\"@Name\": \"LogonType\", \"#text\": \"3\"}]}}", "Channel": "Security", "Provider": "Microsoft-Windows-Security-Auditing", "EventId": 4634, "EventRecordId": "6073", "ProcessId": 636, "ThreadId": 1973, "Level": "LogAlways", "Keywords": "Audit success", "SourceFile": "C:\\Windows\\system32\\winevt\\Logs\\Security.evtx", "ExtraDataOffset": 0, "HiddenRecord": false, "TimeCreated": "2021-03-16T12:52:31.6191044+00:00", "RecordNumber": "6073"}
{"PayloadData1": "Target: OOPS\\wylam.james", "PayloadData2": "ServiceName: krbtgt", "PayloadData3": "ServiceSid: S-1-5-21-8284250-619352532-2932547260-502", "PayloadData4": "TicketEncryptionType: AES256-CTS-HMAC-SHA1-96", "PayloadData5": "Status: KDC_ERR_NONE - No error - No errors were found.", "PayloadData6": "PreAuthType: PA-ENC-TIMESTAMP - This type is normal for standard password authentication.", "RemoteHost": "::ffff:198.18.252.76:31227", "MapDescription": "A Kerberos authentication ticket (TGT) was requested", "ChunkNumber": 0, "Computer": "OOPS-DC.oops.net", "Payload": "{\"EventData\": {\"Data\": [{\"@Name\": \"TargetUserName\", \"#text\": \"wylam.james\"}, {\"@Name\": \"TargetDomainName\", \"#text\": \"OOPS\"}, {\"@Name\": \"TargetSid\", \"#text\": \"S-1-5-21-8284250-619352532-2932547260-1134\"}, {\"@Name\": \"ServiceName\", \"#text\": \"krbtgt\"}, {\"@Name\": \"ServiceSid\", \"#text\": \"S-1-5-21-8284250-619352532-2932547260-502\"}, {\"@Name\": \"TicketOptions\", \"#text\": \"0x40810010\"}, {\"@Name\": \"Status\", \"#text\": \"0x0\"}, {\"@Name\": \"TicketEncryptionType\", \"#text\": \"0x12\"}, {\"@Name\": \"PreAuthType\", \"#text\": \"2\"}, {\"@Name\": \"IpAddress\", \"#text\": \"::ffff:198.18.252.76\"}, {\"@Name\": \"IpPort\", \"#text\": \"31227\"}, {\"@Name\": \"CertIssuerName\"}, {\"@Name\": \"CertSerialNumber\"}, {\"@Name\": \"CertThumbprint\"}]}}", "Channel": "Security", "Provider": "Microsoft-Windows-Security-Auditing", "EventId": 4768, "EventRecordId": "6082", "ProcessId": 636, "ThreadId": 1973, "Level": "LogAlways", "Keywords": "Audit success", "SourceFile": "C:\\Windows\\system32\\winevt\\Logs\\Security.evtx", "ExtraDataOffset": 0, "HiddenRecord": false, "TimeCreated": "2021-03-16T13:07:12.3780932+00:00", "RecordNumber": "6082"}
{"PayloadData1": "Target: OOPS.NET\\wylam.james@OOPS.NET", "PayloadData2": "ServiceName: OOPS-WORKSTATION_2$", "PayloadData3": "ServiceSid: S-1-5-21-8284250-619352532-2932547260-1203", "PayloadData4": "TicketEncryptionType: AES256-CTS-HMAC-SHA1-96", "PayloadData5": "Status: KDC_ERR_NONE - No error - No errors were found.", "RemoteHost": "::ffff:198.18.252.76:31228", "MapDescription": "A Kerberos service ticket was requested", "ChunkNumber": 0, "Computer": "OOPS-DC.oops.net", "Payload": "{\"EventData\": {\"Data\": [{\"@Name\": \"TargetUserName\", \"#text\": \"wylam.james@OOPS.NET\"}, {\"@Name\": \"TargetDomainName\", \"#text\": \"OOPS.NET\"}, {\"@Name\": \"ServiceName\", \"#text\": \"OOPS-WORKSTATION_2$\"}, {\"@Name\": \"ServiceSid\", \"#text\": \"S-1-5-21-8284250-619352532-2932547260-1203\"}, {\"@Name\": \"TicketOptions\", \"#text\": \"0x40810000\"}, {\"@Name\": \"TicketEncryptionType\", \"#text\": \"0x12\"}, {\"@Name\": \"IpAddress\", \"#text\": \"::ffff:198.18.252.76\"}, {\"@Name\": \"IpPort\", \"#text\": \"31228\"}, {\"@Name\": \"Status\", \"#text\": \"0x0\"}, {\"@Name\": \"LogonGuid\", \"#text\": \"140c84c5-a97f-44fe-88d8-2cadf1ea01b0\"}, {\"@Name\": \"TransmittedServices\", \"#text\": \"-\"}]}}", "Channel": "Security", "Provider": "Microsoft-Windows-Security-Auditing", "EventId": 4769, "EventRecordId": "6084", "ProcessId": 636, "ThreadId": 2407, "Level": "LogAlways", "Keywords": "Audit success", "SourceFile": "C:\\Windows\\system32\\winevt\\Logs\\Security.evtx", "ExtraDataOffset": 0, "HiddenRecord": false, "TimeCreated": "2021-03-16T13:07:12.4000268+00:00", "RecordNumber": "6084"}
{"PayloadData1": "Target: OOPS.NET\\wylam.james@OOPS.NET", "PayloadData2": "ServiceName: OOPS-DC$", "PayloadData3": "ServiceSid: S-1-5-21-8284250-619352532-2932547260-1000", "PayloadData4": "TicketEncryptionType: AES256-CTS-HMAC-SHA1-96", "PayloadData5": "Status: KDC_ERR_NONE - No error - No errors were found.", "RemoteHost": "::ffff:198.18.252.76:31229", "MapDescription": "A Kerberos service ticket was requested", "ChunkNumber": 0, "Computer": "OOPS-DC.oops.net", "Payload": "{\"EventData\": {\"Data\": [{\"@Name\": \"TargetUserName\", \"#text\": \"wylam.james@OOPS.NET\"}, {\"@Name\": \"TargetDomainName\", \"#text\": \"OOPS.NET\"}, {\"@Name\": \"ServiceName\", \"#text\": \"OOPS-DC$\"}, {\"@Name\": \"ServiceSid\", \"#text\": \"S-1-5-21-8284250-619352532-2932547260-1000\"}, {\"@Name\": \"TicketOptions\", \"#text\": \"0x40800000\"}, {\"@Name\": \"TicketEncryptionType\", \"#text\": \"0x12\"}, {\"@Name\": \"IpAddress\", \"#text\": \"::ffff:198.18.252.76\"}, {\"@Name\": \"IpPort\", \"#text\": \"31229\"}, {\"@Name\": \"Status\", \"#text\": \"0x0\"}, {\"@Name\": \"LogonGuid\", \"#text\": \"a8de9ae2-6a9b-4446-af78-2b430cb75831\"}, {\"@Name\": \"TransmittedServices\", \"#text\": \"-\"}]}}", "Channel": "Security", "Provider": "Microsoft-Windows-Security-Auditing", "EventId": 4769, "EventRecordId": "6086", "ProcessId": 636, "ThreadId": 2407, "Level": "LogAlways", "Keywords": "Audit success", "SourceFile": "C:\\Windows\\system32\\winevt\\Logs\\Security.evtx", "ExtraDataOffset": 0, "HiddenRecord": false, "TimeCreated": "2021-03-16T13:07:13.4522533+00:00", "RecordNumber": "6086"}
{"PayloadData1": "Target: OOPS.NET\\wylam.james", "PayloadData2": "LogonType 3", "PayloadData3": "LogonId: 0X357286", "UserName": "-\\-", "RemoteHost": "- (198.18.252.76)", "ExecutableInfo": "-", "MapDescription": "Successful logon", "ChunkNumber": 0, "Computer": "OOPS-DC.oops.net", "Payload": "{\"EventData\": {\"Data\": [{\"@Name\": \"SubjectUserSid\", \"#text\": \"S-1-0-0\"}, {\"@Name\": \"SubjectUserName\", \"#text\": \"-\"}, {\"@Name\": \"SubjectDomainName\", \"#text\": \"-\"}, {\"@Name\": \"SubjectLogonId\", \"#text\": \"0x0\"}, {\"@Name\": \"TargetUserSid\", \"#text\": \"S-1-5-21-8284250-619352532-2932547260-1134\"}, {\"@Name\": \"TargetUserName\", \"#text\": \"wylam.james\"}, {\"@Name\": \"TargetDomainName\", \"#text\": \"OOPS.NET\"}, {\"@Name\": \"TargetLogonId\", \"#text\": \"0X357286\"}, {\"@Name\": \"LogonType\", \"#text\": \"3\"}, {\"@Name\": \"LogonProcessName\", \"#text\": \"Kerberos\"}, {\"@Name\": \"AuthenticationPackageName\", \"#text\": \"Kerberos\"}, {\"@Name\": \"WorkstationName\", \"#text\": \"-\"}, {\"@Name\": \"LogonGuid\", \"#text\": \"9ce0c124-3633-46c6-8fc6-c3ebac65f074\"}, {\"@Name\": \"TransmittedServices\", \"#text\": \"-\"}, {\"@Name\": \"LmPackageName\", \"#text\": \"-\"}, {\"@Name\": \"KeyLength\", \"#text\": \"0\"}, {\"@Name\": \"ProcessId\", \"#text\": \"0x0\"}, {\"@Name\": \"ProcessName\", \"#text\": \"-\"}, {\"@Name\": \"IpAddress\", \"#text\": \"198.18.252.76\"}, {\"@Name\": \"IpPort\", \"#text\": \"31231\"}, {\"@Name\": \"ImpersonationLevel\", \"#text\": \"%%1833\"}, {\"@Name\": \"RestrictedAdminMode\", \"#text\": \"-\"}, {\"@Name\": \"TargetOutboundUserName\", \"#text\": \"-\"}, {\"@Name\": \"TargetOutboundDomainName\", \"#text\": \"-\"}, {\"@Name\": \"VirtualAccount\", \"#text\": \"%%1843\"}, {\"@Name\": \"TargetLinkedLogonId\", \"#text\": \"0x0\"}, {\"@Name\": \"ElevatedToken\", \"#text\": \"%%1842\"}]}}", "Channel": "Security", "Provider": "Microsoft-Windows-Security-Auditing", "EventId": 4624, "EventRecordId": "6088", "ProcessId": 636, "ThreadId": 2407, "Level": "LogAlways", "Keywords": "Audit success", "SourceFile": "C:\\Windows\\system32\\winevt\\Logs\\Security.evtx", "ExtraDataOffset": 0, "HiddenRecord": false, "TimeCreated": "2021-03-16T13:07:13.4811098+00:00", "RecordNumber": "6088"}
{"PayloadData1": "Target: OOPS.NET\\OOPS-WORKSTATION_2$", "PayloadData2": "LogonType 3", "PayloadData3": "LogonId: 0X3572B2", "UserName": "-\\-", "RemoteHost": "- (198.18.252.76)", "ExecutableInfo": "-", "MapDescription": "Successful logon", "ChunkNumber": 0, "Computer": "OOPS-DC.oops.net", "Payload": "{\"EventData\": {\"Data\": [{\"@Name\": \"SubjectUserSid\", \"#text\": \"S-1-0-0\"}, {\"@Name\": \"SubjectUserName\", \"#text\": \"-\"}, {\"@Name\": \"SubjectDomainName\", \"#text\": \"-\"}, {\"@Name\": \"SubjectLogonId\", \"#text\": \"0x0\"}, {\"@Name\": \"TargetUserSid\", \"#text\": \"S-1-5-21-8284250-619352532-2932547260-1203\"}, {\"@Name\": \"TargetUserName\", \"#text\": \"OOPS-WORKSTATION_2$\"}, {\"@Name\": \"TargetDomainName\", \"#text\": \"OOPS.NET\"}, {\"@Name\": \"TargetLogonId\", \"#text\": \"0X3572B2\"}, {\"@Name\": \"LogonType\", \"#text\": \"3\"}, {\"@Name\": \"LogonProcessName\", \"#text\": \"Kerberos\"}, {\"@Name\": \"AuthenticationPackageName\", \"#text\": \"Kerberos\"}, {\"@Name\": \"WorkstationName\", \"#text\": \"-\"}, {\"@Name\": \"LogonGuid\", \"#text\": \"21c781b5-69fe-4972-88eb-d26c2b802c19\"}, {\"@Name\": \"TransmittedServices\", \"#text\": \"-\"}, {\"@Name\": \"LmPackageName\", \"#text\": \"-\"}, {\"@Name\": \"KeyLength\", \"#text\": \"0\"}, {\"@Name\": \"ProcessId\", \"#text\": \"0x0\"}, {\"@Name\": \"ProcessName\", \"#text\": \"-\"}, {\"@Name\": \"IpAddress\", \"#text\": \"198.18.252.76\"}, {\"@Name\": \"IpPort\", \"#text\": \"31232\"}, {\"@Name\": \"ImpersonationLevel\", \"#text\": \"%%1833\"}, {\"@Name\": \"RestrictedAdminMode\", \"#text\": \"-\"}, {\"@Name\": \"TargetOutboundUserName\", \"#text\": \"-\"}, {\"@Name\": \"TargetOutboundDomainName\", \"#text\": \"-\"}, {\"@Name\": \"VirtualAccount\", \"#text\": \"%%1843\"}, {\"@Name\": \"TargetLinkedLogonId\", \"#text\": \"0x0\"}, {\"@Name\": \"ElevatedToken\", \"#text\": \"%%1842\"}]}}", "Channel": "Security", "Provider": "Microsoft-Windows-Security-Auditing", "EventId": 4624, "EventRecordId": "6089", "ProcessId": 636, "ThreadId": 2407, "Level": "LogAlways", "Keywords": "Audit success", "SourceFile": "C:\\Windows\\system32\\winevt\\Logs\\Security.evtx", "ExtraDataOffset": 0, "HiddenRecord": false, "TimeCreated": "2021-03-16T13:07:13.5449597+00:00", "RecordNumber": "6089"}
{"PayloadData1": "Target: OOPS.NET\\wylam.james", "PayloadData2": "LogonType 3", "PayloadData3": "LogonId: 0X3572BC", "UserName": "-\\-", "RemoteHost": "- (198.18.252.76)", "ExecutableInfo": "-", "MapDescription": "Successful logon", "ChunkNumber": 0, "Computer": "OOPS-DC.oops.net", "Payload": "{\"EventData\": {\"Data\": [{\"@Name\": \"SubjectUserSid\", \"#text\": \"S-1-0-0\"}, {\"@Name\": \"SubjectUserName\", \"#text\": \"-\"}, {\"@Name\": \"SubjectDomainName\", \"#text\": \"-\"}, {\"@Name\": \"SubjectLogonId\", \"#text\": \"0x0\"}, {\"@Name\": \"TargetUserSid\", \"#text\": \"S-1-5-21-8284250-619352532-2932547260-1134\"}, {\"@Name\": \"TargetUserName\", \"#text\": \"wylam.james\"}, {\"@Name\": \"TargetDomainName\", \"#text\": \"OOPS.NET\"}, {\"@Name\": \"TargetLogonId\", \"#text\": \"0X3572BC\"}, {\"@Name\": \"LogonType\", \"#text\": \"3\"}, {\"@Name\": \"LogonProcessName\", \"#text\": \"Kerberos\"}, {\"@Name\": \"AuthenticationPackageName\", \"#text\": \"Kerberos\"}, {\"@Name\": \"WorkstationName\", \"#text\": \"-\"}, {\"@Name\": \"LogonGuid\", \"#text\": \"af122b19-318a-487a-8c3f-9ae008827006\"}, {\"@Name\": \"TransmittedServices\", \"#text\": \"-\"}, {\"@Name\": \"LmPackageName\", \"#text\": \"-\"}, {\"@Name\": \"KeyLength\", \"#text\": \"0\"}, {\"@Name\": \"ProcessId\", \"#text\": \"0x0\"}, {\"@Name\": \"ProcessName\", \"#text\": \"-\"}, {\"@Name\": \"IpAddress\", \"#text\": \"198.18.252.76\"}, {\"@Name\": \"IpPort\", \"#text\": \"31233\"}, {\"@Name\": \"ImpersonationLevel\", \"#text\": \"%%1833\"}, {\"@Name\": \"RestrictedAdminMode\", \"#text\": \"-\"}, {\"@Name\": \"TargetOutboundUserName\", \"#text\": \"-\"}, {\"@Name\": \"TargetOutboundDomainName\", \"#text\": \"-\"}, {\"@Name\": \"VirtualAccount\", \"#text\": \"%%1843\"}, {\"@Name\": \"TargetLinkedLogonId\", \"#text\": \"0x0\"}, {\"@Name\": \"ElevatedToken\", \"#text\": \"%%1842\"}]}}", "Channel": "Security", "Provider": "Microsoft-Windows-Security-Auditing", "EventId": 4624, "EventRecordId": "6091", "ProcessId": 636, "ThreadId": 7430, "Level": "LogAlways", "Keywords": "Audit success", "SourceFile": "C:\\Windows\\system32\\winevt\\Logs\\Security.evtx", "ExtraDataOffset": 0, "HiddenRecord": false, "TimeCreated": "2021-03-16T13:07:13.6187446+00:00", "RecordNumber": "6091"}
{"PayloadData1": "Target: OOPS\\wylam.james", "PayloadData2": "LogonType 3", "PayloadData3": "LogonId: 0X3572BC", "MapDescription": "An account was logged off", "ChunkNumber": 0, "Computer": "OOPS-DC.oops.net", "Payload": "{\"EventData\": {\"Data\": [{\"@Name\": \"TargetUserSid\", \"#text\": \"S-1-5-21-8284250-619352532-2932547260-1134\"}, {\"@Name\": \"TargetUserName\", \"#text\": \"wylam.james\"}, {\"@Name\": \"TargetDomainName\", \"#text\": \"OOPS\"}, {\"@Name\": \"TargetLogonId\", \"#text\": \"0X3572BC\"}, {\"@Name\": \"LogonType\", \"#text\": \"3\"}]}}", "Channel": "Security", "Provider": "Microsoft-Windows-Security-Auditing", "EventId": 4634, "EventRecordId": "6094", "ProcessId": 636, "ThreadId": 2407, "Level": "LogAlways", "Keywords": "Audit success", "SourceFile": "C:\\Windows\\system32\\winevt\\Logs\\Security.evtx", "ExtraDataOffset": 0, "HiddenRecord": false, "TimeCreated": "2021-03-16T13:07:13.6496923+00:00", "RecordNumber": "6094"}
{"PayloadData1": "Target: OOPS\\OOPS-WORKSTATION_2$", "PayloadData2": "LogonType 3", "PayloadData3": "LogonId: 0X3572B2", "MapDescription": "An account was logged off", "ChunkNumber": 0, "Computer": "OOPS-DC.oops.net", "Payload": "{\"EventData\": {\"Data\": [{\"@Name\": \"TargetUserSid\", \"#text\": \"S-1-5-21-8284250-619352532-2932547260-1203\"}, {\"@Name\": \"TargetUserName\", \"#text\": \"OOPS-WORKSTATION_2$\"}, {\"@Name\": \"TargetDomainName\", \"#text\": \"OOPS\"}, {\"@Name\": \"TargetLogonId\", \"#text\": \"0X3572B2\"}, {\"@Name\": \"LogonType\", \"#text\": \"3\"}]}}", "Channel": "Security", "Provider": "Microsoft-Windows-Security-Auditing", "EventId": 4634, "EventRecordId": "6095", "ProcessId": 636, "ThreadId": 7430, "Level": "LogAlways", "Keywords": "Audit success", "SourceFile": "C:\\Windows\\system32\\winevt\\Logs\\Security.evtx", "ExtraDataOffset": 0, "HiddenRecord": false, "TimeCreated": "2021-03-16T13:07:13.7120253+00:00", "RecordNumber": "6095"}
{"PayloadData1": "Target: OOPS.NET\\OOPS-WORKSTATION_2$@OOPS.NET", "PayloadData2": "ServiceName: OOPS-DC$", "PayloadData3": "ServiceSid: S-1-5-21-8284250-619352532-2932547260-1000", "PayloadData4": "TicketEncryptionType: AES256-CTS-HMAC-SHA1-96", "PayloadData5": "Status: KDC_ERR_NONE - No error - No errors were found.", "RemoteHost": "::ffff:198.18.252.76:31234", "MapDescription": "A Kerberos service ticket was requested", "ChunkNumber": 0, "Computer": "OOPS-DC.oops.net", "Payload": "{\"EventData\": {\"Data\": [{\"@Name\": \"TargetUserName\", \"#text\": \"OOPS-WORKSTATION_2$@OOPS.NET\"}, {\"@Name\": \"TargetDomainName\", \"#text\": \"OOPS.NET\"}, {\"@Name\": \"ServiceName\", \"#text\": \"OOPS-DC$\"}, {\"@Name\": \"ServiceSid\", \"#text\": \"S-1-5-21-8284250-619352532-2932547260-1000\"}, {\"@Name\": \"TicketOptions\", \"#text\": \"0x40800000\"}, {\"@Name\": \"TicketEncryptionType\", \"#text\": \"0x12\"}, {\"@Name\": \"IpAddress\", \"#text\": \"::ffff:198.18.252.76\"}, {\"@Name\": \"IpPort\", \"#text\": \"31234\"}, {\"@Name\": \"Status\", \"#text\": \"0x0\"}, {\"@Name\": \"LogonGuid\", \"#text\": \"3d802630-5888-4c00-8fb9-0b96a511706e\"}, {\"@Name\": \"TransmittedServices\", \"#text\": \"-\"}]}}", "Channel": "Security", "Provider": "Microsoft-Windows-Security-Auditing", "EventId": 4769, "EventRecordId": "6097", "ProcessId": 636, "ThreadId": 4897, "Level": "LogAlways", "Keywords": "Audit success", "SourceFile": "C:\\Windows\\system32\\winevt\\Logs\\Security.evtx", "ExtraDataOffset": 0, "HiddenRecord": false, "TimeCreated": "2021-03-16T13:07:16.7651395+00:00", "RecordNumber": "6097"}
{"PayloadData1": "Target: OOPS.NET\\wylam.james@OOPS.NET", "PayloadData2": "ServiceName: OOPS-DC$", "PayloadData3": "ServiceSid: S-1-5-21-8284250-619352532-2932547260-1000", "PayloadData4": "TicketEncryptionType: AES256-CTS-HMAC-SHA1-96", "PayloadData5": "Status: KDC_ERR_NONE - No error - No errors were found.", "RemoteHost": "::ffff:198.18.252.76:31235", "MapDescription": "A Kerberos service ticket was requested", "ChunkNumber": 0, "Computer": "OOPS-DC.oops.net", "Payload": "{\"EventData\": {\"Data\": [{\"@Name\": \"TargetUserName\", \"#text\": \"wylam.james@OOPS.NET\"}, {\"@Name\": \"TargetDomainName\", \"#text\": \"OOPS.NET\"}, {\"@Name\": \"ServiceName\", \"#text\": \"OOPS-DC$\"}, {\"@Name\": \"ServiceSid\", \"#text\": \"S-1-5-21-8284250-619352532-2932547260-1000\"}, {\"@Name\": \"TicketOptions\", \"#text\": \"0x40810000\"}, {\"@Name\": \"TicketEncryptionType\", \"#text\": \"0x12\"}, {\"@Name\": \"IpAddress\", \"#text\": \"::ffff:198.18.252.76\"}, {\"@Name\": \"IpPort\", \"#text\": \"31235\"}, {\"@Name\": \"Status\", \"#text\": \"0x0\"}, {\"@Name\": \"LogonGuid\", \"#text\": \"9b055598-bc0d-4641-86c0-86a65d5d569c\"}, {\"@Name\": \"TransmittedServices\", \"#text\": \"-\"}]}}", "Channel": "Security", "Provider": "Microsoft-Windows-Security-Auditing", "EventId": 4769, "EventRecordId": "6103", "ProcessId": 636, "ThreadId": 6793, "Level": "LogAlways", "Keywords": "Audit success", "SourceFile": "C:\\Windows\\system32\\winevt\\Logs\\Security.evtx", "ExtraDataOffset": 0, "HiddenRecord": false, "TimeCreated": "2021-03-16T13:07:16.8262973+00:00", "RecordNumber": "6103"}
{"PayloadData1": "Target: OOPS.NET\\OOPS-WORKSTATION_2$", "PayloadData2": "LogonType 3", "PayloadData3": "LogonId: 0X3572C5", "UserName": "-\\-", "RemoteHost": "- (198.18.252.76)", "ExecutableInfo": "-", "MapDescription": "Successful logon", "ChunkNumber": 0, "Computer": "OOPS-DC.oops.net", "Payload": "{\"EventData\": {\"Data\": [{\"@Name\": \"SubjectUserSid\", \"#text\": \"S-1-0-0\"}, {\"@Name\": \"SubjectUserName\", \"#text\": \"-\"}, {\"@Name\": \"SubjectDomainName\", \"#text\": \"-\"}, {\"@Name\": \"SubjectLogonId\", \"#text\": \"0x0\"}, {\"@Name\": \"TargetUserSid\", \"#text\": \"S-1-5-21-8284250-619352532-2932547260-1203\"}, {\"@Name\": \"TargetUserName\", \"#text\": \"OOPS-WORKSTATION_2$\"}, {\"@Name\": \"TargetDomainName\", \"#text\": \"OOPS.NET\"}, {\"@Name\": \"TargetLogonId\", \"#text\": \"0X3572C5\"}, {\"@Name\": \"LogonType\", \"#text\": \"3\"}, {\"@Name\": \"LogonProcessName\", \"#text\": \"Kerberos\"}, {\"@Name\": \"AuthenticationPackageName\", \"#text\": \"Kerberos\"}, {\"@Name\": \"WorkstationName\", \"#text\": \"-\"}, {\"@Name\": \"LogonGuid\", \"#text\": \"efa81087-3045-4625-b35f-8a0a42ce390a\"}, {\"@Name\": \"TransmittedServices\", \"#text\": \"-\"}, {\"@Name\": \"LmPackageName\", \"#text\": \"-\"}, {\"@Name\": \"KeyLength\", \"#text\": \"0\"}, {\"@Name\": \"ProcessId\", \"#text\": \"0x0\"}, {\"@Name\": \"ProcessName\", \"#text\": \"-\"}, {\"@Name\": \"IpAddress\", \"#text\": \"198.18.252.76\"}, {\"@Name\": \"IpPort\", \"#text\": \"31237\"}, {\"@Name\": \"ImpersonationLevel\", \"#text\": \"%%1833\"}, {\"@Name\": \"RestrictedAdminMode\", \"#text\": \"-\"}, {\"@Name\": \"TargetOutboundUserName\", \"#text\": \"-\"}, {\"@Name\": \"TargetOutboundDomainName\", \"#text\": \"-\"}, {\"@Name\": \"VirtualAccount\", \"#text\": \"%%1843\"}, {\"@Name\": \"TargetLinkedLogonId\", \"#text\": \"0x0\"}, {\"@Name\": \"ElevatedToken\", \"#text\": \"%%1842\"}]}}", "Channel": "Security", "Provider": "Microsoft-Windows-Security-Auditing", "EventId": 4624, "EventRecordId": "6105", "ProcessId": 636, "ThreadId": 1973, "Level": "LogAlways", "Keywords": "Audit success", "SourceFile": "C:\\Windows\\system32\\winevt\\Logs\\Security.evtx", "ExtraDataOffset": 0, "HiddenRecord": false, "TimeCreated": "2021-03-16T13:07:16.8544341+00:00", "RecordNumber": "6105"}
{"PayloadData1": "Target: OOPS.NET\\OOPS-WORKSTATION_2$", "PayloadData2": "LogonType 3", "PayloadData3": "LogonId: 0X3572E3", "UserName": "-\\-", "RemoteHost": "- (198.18.252.76)", "ExecutableInfo": "-", "MapDescription": "Successful logon", "ChunkNumber": 0, "Computer": "OOPS-DC.oops.net", "Payload": "{\"EventData\": {\"Data\": [{\"@Name\": \"SubjectUserSid\", \"#text\": \"S-1-0-0\"}, {\"@Name\": \"SubjectUserName\", \"#text\": \"-\"}, {\"@Name\": \"SubjectDomainName\", \"#text\": \"-\"}, {\"@Name\": \"SubjectLogonId\", \"#text\": \"0x0\"}, {\"@Name\": \"TargetUserSid\", \"#text\": \"S-1-5-21-8284250-619352532-2932547260-1203\"}, {\"@Name\": \"TargetUserName\", \"#text\": \"OOPS-WORKSTATION_2$\"}, {\"@Name\": \"TargetDomainName\", \"#text\": \"OOPS.NET\"}, {\"@Name\": \"TargetLogonId\", \"#text\": \"0X3572E3\"}, {\"@Name\": \"LogonType\", \"#text\": \"3\"}, {\"@Name\": \"LogonProcessName\", \"#text\": \"Kerberos\"}, {\"@Name\": \"AuthenticationPackageName\", \"#text\": \"Kerberos\"}, {\"@Name\": \"WorkstationName\", \"#text\": \"-\"}, {\"@Name\": \"LogonGuid\", \"#text\": \"b5249176-b964-4437-a83e-d109351744f1\"}, {\"@Name\": \"TransmittedServices\", \"#text\": \"-\"}, {\"@Name\": \"LmPackageName\", \"#text\": \"-\"}, {\"@Name\": \"KeyLength\", \"#text\": \"0\"}, {\"@Name\": \"ProcessId\", \"#text\": \"0x0\"}, {\"@Name\": \"ProcessName\", \"#text\": \"-\"}, {\"@Name\": \"IpAddress\", \"#text\": \"198.18.252.76\"}, {\"@Name\": \"IpPort\", \"#text\": \"31238\"}, {\"@Name\": \"ImpersonationLevel\", \"#text\": \"%%1833\"}, {\"@Name\": \"RestrictedAdminMode\", \"#text\": \"-\"}, {\"@Name\": \"TargetOutboundUserName\", \"#text\": \"-\"}, {\"@Name\": \"TargetOutboundDomainName\", \"#text\": \"-\"}, {\"@Name\": \"VirtualAccount\", \"#text\": \"%%1843\"}, {\"@Name\": \"TargetLinkedLogonId\", \"#text\": \"0x0\"}, {\"@Name\": \"ElevatedToken\", \"#text\": \"%%1842\"}]}}", "Channel": "Security", "Provider": "Microsoft-Windows-Security-Auditing", "EventId": 4624, "EventRecordId": "6110", "ProcessId": 636, "ThreadId": 4897, "Level": "LogAlways", "Keywords": "Audit success", "SourceFile": "C:\\Windows\\system32\\winevt\\Logs\\Security.evtx", "ExtraDataOffset": 0, "HiddenRecord": false, "TimeCreated": "2021-03-16T13:07:16.9382027+00:00", "RecordNumber": "6110"}
{"PayloadData1": "Target: OOPS.NET\\wylam.james", "PayloadData2": "LogonType 3", "PayloadData3": "LogonId: 0X3572F3", "UserName": "-\\-", "RemoteHost": "- (198.18.252.76)", "ExecutableInfo": "-", "MapDescription": "Successful logon", "ChunkNumber": 0, "Computer": "OOPS-DC.oops.net", "Payload": "{\"EventData\": {\"Data\": [{\"@Name\": \"SubjectUserSid\", \"#text\": \"S-1-0-0\"}, {\"@Name\": \"SubjectUserName\", \"#text\": \"-\"}, {\"@Name\": \"SubjectDomainName\", \"#text\": \"-\"}, {\"@Name\": \"SubjectLogonId\", \"#text\": \"0x0\"}, {\"@Name\": \"TargetUserSid\", \"#text\": \"S-1-5-21-8284250-619352532-2932547260-1134\"}, {\"@Name\": \"TargetUserName\", \"#text\": \"wylam.james\"}, {\"@Name\": \"TargetDomainName\", \"#text\": \"OOPS.NET\"}, {\"@Name\": \"TargetLogonId\", \"#text\": \"0X3572F3\"}, {\"@Name\": \"LogonType\", \"#text\": \"3\"}, {\"@Name\": \"LogonProcessName\", \"#text\": \"Kerberos\"}, {\"@Name\": \"AuthenticationPackageName\", \"#text\": \"Kerberos\"}, {\"@Name\": \"WorkstationName\", \"#text\": \"-\"}, {\"@Name\": \"LogonGuid\", \"#text\": \"0498ceea-ff6d-4c94-a153-32dc0553394c\"}, {\"@Name\": \"TransmittedServices\", \"#text\": \"-\"}, {\"@Name\": \"LmPackageName\", \"#text\": \"-\"}, {\"@Name\": \"KeyLength\", \"#text\": \"0\"}, {\"@Name\": \"ProcessId\", \"#text\": \"0x0\"}, {\"@Name\": \"ProcessName\", \"#text\": \"-\"}, {\"@Name\": \"IpAddress\", \"#text\": \"198.18.252.76\"}, {\"@Name\": \"IpPort\", \"#text\": \"31239\"}, {\"@Name\": \"ImpersonationLevel\", \"#text\": \"%%1833\"}, {\"@Name\": \"RestrictedAdminMode\", \"#text\": \"-\"}, {\"@Name\": \"TargetOutboundUserName\", \"#text\": \"-\"}, {\"@Name\": \"TargetOutboundDomainName\", \"#text\": \"-\"}, {\"@Name\": \"VirtualAccount\", \"#text\": \"%%1843\"}, {\"@Name\": \"TargetLinkedLogonId\", \"#text\": \"0x0\"}, {\"@Name\": \"ElevatedToken\", \"#text\": \"%%1842\"}]}}", "Channel": "Security", "Provider": "Microsoft-Windows-Security-Auditing", "EventId": 4624, "EventRecordId": "6117", "ProcessId": 636, "ThreadId": 2407, "Level": "LogAlways", "Keywords": "Audit success", "SourceFile": "C:\\Windows\\system32\\winevt\\Logs\\Security.evtx", "ExtraDataOffset": 0, "HiddenRecord": false, "TimeCreated": "2021-03-16T13:07:17.0149679+00:00", "RecordNumber": "6117"}
{"PayloadData1": "Target: OOPS\\OOPS-WORKSTATION_2$", "PayloadData2": "LogonType 3", "PayloadData3": "LogonId: 0X3572E3", "MapDescription": "An account was logged off", "ChunkNumber": 0, "Computer": "OOPS-DC.oops.net", "Payload": "{\"EventData\": {\"Data\": [{\"@Name\": \"TargetUserSid\", \"#text\": \"S-1-5-21-8284250-619352532-2932547260-1203\"}, {\"@Name\": \"TargetUserName\", \"#text\": \"OOPS-WORKSTATION_2$\"}, {\"@Name\": \"TargetDomainName\", \"#text\": \"OOPS\"}, {\"@Name\": \"TargetLogonId\", \"#text\": \"0X3572E3\"}, {\"@Name\": \"LogonType\", \"#text\": \"3\"}]}}", "Channel": "Security", "Provider": "Microsoft-Windows-Security-Auditing", "EventId": 4634, "EventRecordId": "6121", "ProcessId": 636, "ThreadId": 6793, "Level": "LogAlways", "Keywords": "Audit success", "SourceFile": "C:\\Windows\\system32\\winevt\\Logs\\Security.evtx", "ExtraDataOffset": 0, "HiddenRecord": false, "TimeCreated": "2021-03-16T13:07:17.0582950+00:00", "RecordNumber": "6121"}
